<?xml version="1.0" encoding="UTF-8"?>
<!-- Generated by org.testng.reporters.JUnitReportReporter -->
<testsuite skipped="0" hostname="DESKTOP-G2N9O9C" name="com.zumic.automation.Without_Login_Verification_of_Global_search_functionality" tests="4" failures="0" timestamp="08 Jan 2020 11:32:46 GMT" time="169.244" errors="0">
  <testcase name="SmokeTestCase" time="43.849" classname="com.zumic.automation.Without_Login_Verification_of_Global_search_functionality"/>
  <testcase name="SmokeTestCase" time="43.597" classname="com.zumic.automation.Without_Login_Verification_of_Global_search_functionality"/>
  <testcase name="SmokeTestCase" time="41.729" classname="com.zumic.automation.Without_Login_Verification_of_Global_search_functionality"/>
  <testcase name="SmokeTestCase" time="40.069" classname="com.zumic.automation.Without_Login_Verification_of_Global_search_functionality"/>
</testsuite> <!-- com.zumic.automation.Without_Login_Verification_of_Global_search_functionality -->
