<?xml version="1.0" encoding="UTF-8"?>
<!-- Generated by org.testng.reporters.JUnitReportReporter -->
<testsuite skipped="3" hostname="DESKTOP-G2N9O9C" name="com.zumic.automation.Pre_login_Verification_to_reach_site" tests="4" failures="0" timestamp="08 Jan 2020 17:24:00 GMT" time="93.228" errors="0">
  <testcase name="SmokeTestCase" time="0.003" classname="com.zumic.automation.Pre_login_Verification_to_reach_site">
    <skipped/>
  </testcase> <!-- SmokeTestCase -->
  <testcase name="SmokeTestCase" time="0.004" classname="com.zumic.automation.Pre_login_Verification_to_reach_site">
    <skipped/>
  </testcase> <!-- SmokeTestCase -->
  <testcase name="SmokeTestCase" time="93.217" classname="com.zumic.automation.Pre_login_Verification_to_reach_site"/>
  <testcase name="SmokeTestCase" time="0.004" classname="com.zumic.automation.Pre_login_Verification_to_reach_site">
    <skipped/>
  </testcase> <!-- SmokeTestCase -->
</testsuite> <!-- com.zumic.automation.Pre_login_Verification_to_reach_site -->
