<?xml version="1.0" encoding="UTF-8"?>
<!-- Generated by org.testng.reporters.JUnitReportReporter -->
<testsuite skipped="0" hostname="DESKTOP-G2N9O9C" name="com.zumic.automation.Without_login_Link_testing_of_header" tests="4" failures="0" timestamp="08 Jan 2020 11:32:46 GMT" time="188.615" errors="0">
  <testcase name="SmokeTestCase" time="58.673" classname="com.zumic.automation.Without_login_Link_testing_of_header"/>
  <testcase name="SmokeTestCase" time="41.589" classname="com.zumic.automation.Without_login_Link_testing_of_header"/>
  <testcase name="SmokeTestCase" time="45.190" classname="com.zumic.automation.Without_login_Link_testing_of_header"/>
  <testcase name="SmokeTestCase" time="43.163" classname="com.zumic.automation.Without_login_Link_testing_of_header"/>
</testsuite> <!-- com.zumic.automation.Without_login_Link_testing_of_header -->
