<?xml version="1.0" encoding="UTF-8"?>
<!-- Generated by org.testng.reporters.JUnitReportReporter -->
<testsuite skipped="0" hostname="DESKTOP-G2N9O9C" name="com.zumic.automation.With_Login_Link_testing_of_header" tests="4" failures="0" timestamp="08 Jan 2020 11:32:46 GMT" time="212.960" errors="0">
  <testcase name="SmokeTestCase" time="55.163" classname="com.zumic.automation.With_Login_Link_testing_of_header"/>
  <testcase name="SmokeTestCase" time="50.011" classname="com.zumic.automation.With_Login_Link_testing_of_header"/>
  <testcase name="SmokeTestCase" time="54.064" classname="com.zumic.automation.With_Login_Link_testing_of_header"/>
  <testcase name="SmokeTestCase" time="53.722" classname="com.zumic.automation.With_Login_Link_testing_of_header"/>
</testsuite> <!-- com.zumic.automation.With_Login_Link_testing_of_header -->
